#
# There is insufficient memory for the Java Runtime Environment to continue.
# Native memory allocation (mmap) failed to map 266338304 bytes. Error detail: G1 virtual space
# Possible reasons:
#   The system is out of physical RAM or swap space
#   This process is running with CompressedOops enabled, and the Java Heap may be blocking the growth of the native heap
# Possible solutions:
#   Reduce memory load on the system
#   Increase physical memory or swap space
#   Check if swap backing store is full
#   Decrease Java heap size (-Xmx/-Xms)
#   Decrease number of Java threads
#   Decrease Java thread stack sizes (-Xss)
#   Set larger code cache with -XX:ReservedCodeCacheSize=
#   JVM is running with Zero Based Compressed Oops mode in which the Java heap is
#     placed in the first 32GB address space. The Java Heap base address is the
#     maximum limit for the native heap growth. Please use -XX:HeapBaseMinAddress
#     to set the Java Heap base and to place the Java Heap above 32GB virtual address.
# This output file may be truncated or incomplete.
#
#  Out of Memory Error (os_windows.cpp:3614), pid=14852, tid=7520
#
# JRE version:  (17.0.13+11) (build )
# Java VM: OpenJDK 64-Bit Server VM (17.0.13+11, mixed mode, sharing, tiered, compressed oops, compressed class ptrs, g1 gc, windows-amd64)
# No core dump will be written. Minidumps are not enabled by default on client versions of Windows
#

---------------  S U M M A R Y ------------

Command Line: -Dfile.encoding=UTF-8 -Dstdout.encoding=UTF-8 -Dstderr.encoding=UTF-8 -XX:+ShowCodeDetailsInExceptionMessages com.gn.practice11.Run

Host: Intel(R) Core(TM) i5-9500 CPU @ 3.00GHz, 6 cores, 15G,  Windows 11 , 64 bit Build 22621 (10.0.22621.4391)
Time: Wed Dec 18 11:38:45 2024  Windows 11 , 64 bit Build 22621 (10.0.22621.4391) elapsed time: 0.008762 seconds (0d 0h 0m 0s)

---------------  T H R E A D  ---------------

Current thread (0x000001ad3e237080):  JavaThread "Unknown thread" [_thread_in_vm, id=7520, stack(0x0000000de3a00000,0x0000000de3b00000)]

Stack: [0x0000000de3a00000,0x0000000de3b00000]
Native frames: (J=compiled Java code, j=interpreted, Vv=VM code, C=native code)
V  [jvm.dll+0x682a19]
V  [jvm.dll+0x839538]
V  [jvm.dll+0x83afe3]
V  [jvm.dll+0x83b653]
V  [jvm.dll+0x24704f]
V  [jvm.dll+0x67f809]
V  [jvm.dll+0x6746fa]
V  [jvm.dll+0x304a96]
V  [jvm.dll+0x30bf56]
V  [jvm.dll+0x35da5e]
V  [jvm.dll+0x35dc9d]
V  [jvm.dll+0x2dbe5c]
V  [jvm.dll+0x2dcd74]
V  [jvm.dll+0x80b44b]
V  [jvm.dll+0x36b491]
V  [jvm.dll+0x7e9e3f]
V  [jvm.dll+0x3f1d7f]
V  [jvm.dll+0x3f38b1]
C  [jli.dll+0x5278]
C  [ucrtbase.dll+0x29333]
C  [KERNEL32.DLL+0x1259d]
C  [ntdll.dll+0x5af38]


---------------  P R O C E S S  ---------------

Threads class SMR info:
_java_thread_list=0x00007ff820137f58, length=0, elements={
}

Java Threads: ( => current thread )

Other Threads:
  0x000001ad3e2a4050 GCTaskThread "GC Thread#0" [stack: 0x0000000de3b00000,0x0000000de3c00000] [id=11224]
  0x000001ad3e2b4c30 ConcurrentGCThread "G1 Main Marker" [stack: 0x0000000de3c00000,0x0000000de3d00000] [id=2468]
  0x000001ad3e2b5d00 ConcurrentGCThread "G1 Conc#0" [stack: 0x0000000de3d00000,0x0000000de3e00000] [id=7956]

[error occurred during error reporting (printing all threads), id 0xc0000005, EXCEPTION_ACCESS_VIOLATION (0xc0000005) at pc=0x00007ff81f8ec987]

VM state: not at safepoint (not fully initialized)

VM Mutex/Monitor currently owned by a thread:  ([mutex/lock_event])
[0x000001ad3e232df0] Heap_lock - owner thread: 0x000001ad3e237080

Heap address: 0x0000000702800000, size: 4056 MB, Compressed Oops mode: Zero based, Oop shift amount: 3

CDS archive(s) mapped at: [0x0000000000000000-0x0000000000000000-0x0000000000000000), size 0, SharedBaseAddress: 0x0000000800000000, ArchiveRelocationMode: 1.
Narrow klass base: 0x0000000000000000, Narrow klass shift: 0, Narrow klass range: 0x0

GC Precious Log:
<Empty>

Heap:
 garbage-first heap   total 0K, used 0K [0x0000000702800000, 0x0000000800000000)
  region size 2048K, 0 young (0K), 0 survivors (0K)

[error occurred during error reporting (printing heap information), id 0xc0000005, EXCEPTION_ACCESS_VIOLATION (0xc0000005) at pc=0x00007ff81fcdc179]

GC Heap History (0 events):
No events

Dll operation events (1 events):
Event: 0.005 Loaded shared library C:\dev\java\program\jdk-17.0.13+11\bin\java.dll

Deoptimization events (0 events):
No events

Classes loaded (0 events):
No events

Classes unloaded (0 events):
No events

Classes redefined (0 events):
No events

Internal exceptions (0 events):
No events

VM Operations (0 events):
No events

Memory protections (0 events):
No events

Nmethod flushes (0 events):
No events

Events (0 events):
No events


Dynamic libraries:
0x00007ff61ed50000 - 0x00007ff61ed5e000 	C:\dev\java\program\jdk-17.0.13+11\bin\javaw.exe
0x00007ff863ad0000 - 0x00007ff863ce7000 	C:\WINDOWS\SYSTEM32\ntdll.dll
0x00007ff8629b0000 - 0x00007ff862a74000 	C:\WINDOWS\System32\KERNEL32.DLL
0x00007ff8613b0000 - 0x00007ff861769000 	C:\WINDOWS\System32\KERNELBASE.dll
0x00007ff860ed0000 - 0x00007ff860fe1000 	C:\WINDOWS\System32\ucrtbase.dll
0x00007ff85d160000 - 0x00007ff85d177000 	C:\dev\java\program\jdk-17.0.13+11\bin\jli.dll
0x00007ff843b00000 - 0x00007ff843b1e000 	C:\dev\java\program\jdk-17.0.13+11\bin\VCRUNTIME140.dll
0x00007ff862b30000 - 0x00007ff862cde000 	C:\WINDOWS\System32\USER32.dll
0x00007ff840600000 - 0x00007ff840892000 	C:\WINDOWS\WinSxS\amd64_microsoft.windows.common-controls_6595b64144ccf1df_6.0.22621.4391_none_2715d37f73803e96\COMCTL32.dll
0x00007ff860dd0000 - 0x00007ff860df6000 	C:\WINDOWS\System32\win32u.dll
0x00007ff862340000 - 0x00007ff8623e7000 	C:\WINDOWS\System32\msvcrt.dll
0x00007ff862970000 - 0x00007ff862999000 	C:\WINDOWS\System32\GDI32.dll
0x00007ff8610b0000 - 0x00007ff8611cb000 	C:\WINDOWS\System32\gdi32full.dll
0x00007ff860e30000 - 0x00007ff860eca000 	C:\WINDOWS\System32\msvcp_win.dll
0x00007ff862ce0000 - 0x00007ff862d11000 	C:\WINDOWS\System32\IMM32.DLL
0x00007ff843b20000 - 0x00007ff843b2c000 	C:\dev\java\program\jdk-17.0.13+11\bin\vcruntime140_1.dll
0x00007ff843a70000 - 0x00007ff843afd000 	C:\dev\java\program\jdk-17.0.13+11\bin\msvcp140.dll
0x00007ff81f600000 - 0x00007ff82026b000 	C:\dev\java\program\jdk-17.0.13+11\bin\server\jvm.dll
0x00007ff8628b0000 - 0x00007ff862962000 	C:\WINDOWS\System32\ADVAPI32.dll
0x00007ff862a80000 - 0x00007ff862b27000 	C:\WINDOWS\System32\sechost.dll
0x00007ff860e00000 - 0x00007ff860e28000 	C:\WINDOWS\System32\bcrypt.dll
0x00007ff863570000 - 0x00007ff863684000 	C:\WINDOWS\System32\RPCRT4.dll
0x00007ff862830000 - 0x00007ff8628a1000 	C:\WINDOWS\System32\WS2_32.dll
0x00007ff860bf0000 - 0x00007ff860c3d000 	C:\WINDOWS\SYSTEM32\POWRPROF.dll
0x00007ff85ae90000 - 0x00007ff85ae9a000 	C:\WINDOWS\SYSTEM32\VERSION.dll
0x00007ff84d9f0000 - 0x00007ff84da24000 	C:\WINDOWS\SYSTEM32\WINMM.dll
0x00007ff860ad0000 - 0x00007ff860ae3000 	C:\WINDOWS\SYSTEM32\UMPDC.dll
0x00007ff85fe10000 - 0x00007ff85fe28000 	C:\WINDOWS\SYSTEM32\kernel.appcore.dll
0x00007ff85dc90000 - 0x00007ff85dc9a000 	C:\dev\java\program\jdk-17.0.13+11\bin\jimage.dll
0x00007ff8440f0000 - 0x00007ff844322000 	C:\WINDOWS\SYSTEM32\DBGHELP.DLL
0x00007ff863700000 - 0x00007ff863a8f000 	C:\WINDOWS\System32\combase.dll
0x00007ff863490000 - 0x00007ff863567000 	C:\WINDOWS\System32\OLEAUT32.dll
0x00007ff8446b0000 - 0x00007ff8446e2000 	C:\WINDOWS\SYSTEM32\dbgcore.DLL
0x00007ff861770000 - 0x00007ff8617eb000 	C:\WINDOWS\System32\bcryptPrimitives.dll
0x00007ff855b80000 - 0x00007ff855ba5000 	C:\dev\java\program\jdk-17.0.13+11\bin\java.dll

dbghelp: loaded successfully - version: 4.0.5 - missing functions: none
symbol engine: initialized successfully - sym options: 0x614 - pdb path: .;C:\dev\java\program\jdk-17.0.13+11\bin;C:\WINDOWS\SYSTEM32;C:\WINDOWS\WinSxS\amd64_microsoft.windows.common-controls_6595b64144ccf1df_6.0.22621.4391_none_2715d37f73803e96;C:\dev\java\program\jdk-17.0.13+11\bin\server

VM Arguments:
jvm_args: -Dfile.encoding=UTF-8 -Dstdout.encoding=UTF-8 -Dstderr.encoding=UTF-8 -XX:+ShowCodeDetailsInExceptionMessages 
java_command: com.gn.practice11.Run
java_class_path (initial): C:\dev\java\workspace\lec12_api\bin
Launcher Type: SUN_STANDARD

[Global flags]
     intx CICompilerCount                          = 3                                         {product} {ergonomic}
     uint ConcGCThreads                            = 2                                         {product} {ergonomic}
     uint G1ConcRefinementThreads                  = 6                                         {product} {ergonomic}
   size_t G1HeapRegionSize                         = 2097152                                   {product} {ergonomic}
    uintx GCDrainStackTargetSize                   = 64                                        {product} {ergonomic}
   size_t InitialHeapSize                          = 266338304                                 {product} {ergonomic}
   size_t MarkStackSize                            = 4194304                                   {product} {ergonomic}
   size_t MaxHeapSize                              = 4253024256                                {product} {ergonomic}
   size_t MinHeapDeltaBytes                        = 2097152                                   {product} {ergonomic}
   size_t MinHeapSize                              = 8388608                                   {product} {ergonomic}
    uintx NonNMethodCodeHeapSize                   = 5832780                                {pd product} {ergonomic}
    uintx NonProfiledCodeHeapSize                  = 122912730                              {pd product} {ergonomic}
    uintx ProfiledCodeHeapSize                     = 122912730                              {pd product} {ergonomic}
    uintx ReservedCodeCacheSize                    = 251658240                              {pd product} {ergonomic}
     bool SegmentedCodeCache                       = true                                      {product} {ergonomic}
     bool ShowCodeDetailsInExceptionMessages       = true                                   {manageable} {command line}
   size_t SoftMaxHeapSize                          = 4253024256                             {manageable} {ergonomic}
     bool UseCompressedClassPointers               = true                           {product lp64_product} {ergonomic}
     bool UseCompressedOops                        = true                           {product lp64_product} {ergonomic}
     bool UseG1GC                                  = true                                      {product} {ergonomic}
     bool UseLargePagesIndividualAllocation        = false                                  {pd product} {ergonomic}

Logging:
Log output configuration:
 #0: stdout all=warning uptime,level,tags
 #1: stderr all=off uptime,level,tags

Environment Variables:
PATH=C:/Users/GOODEE/.p2/pool/plugins/org.eclipse.justj.openjdk.hotspot.jre.full.win32.x86_64_23.0.1.v20241024-1700/jre/bin/server;C:/Users/GOODEE/.p2/pool/plugins/org.eclipse.justj.openjdk.hotspot.jre.full.win32.x86_64_23.0.1.v20241024-1700/jre/bin;C:\WINDOWS;C:\WINDOWS\System32\Wbem;C:\WINDOWS\System32\WindowsPowerShell\v1.0\;C:\WINDOWS\System32\OpenSSH\;C:\Program Files\Bandizip\;C:\dev\java\program\jdk-17.0.13+11\bin;C:\Users\GOODEE\AppData\Local\Microsoft\WindowsApps;;C:\Users\GOODEE\Desktop;
USERNAME=GOODEE
TMPDIR=C:\Users\Public\Documents\ESTsoft\CreatorTemp
OS=Windows_NT
PROCESSOR_IDENTIFIER=Intel64 Family 6 Model 158 Stepping 10, GenuineIntel
TMP=C:\Users\GOODEE\AppData\Local\Temp
TEMP=C:\Users\GOODEE\AppData\Local\Temp



Periodic native trim disabled


---------------  S Y S T E M  ---------------

OS:
 Windows 11 , 64 bit Build 22621 (10.0.22621.4391)
OS uptime: 20 days 2:44 hours

CPU: total 6 (initial active 6) (6 cores per cpu, 1 threads per core) family 6 model 158 stepping 10 microcode 0xf0, cx8, cmov, fxsr, mmx, 3dnowpref, sse, sse2, sse3, ssse3, sse4.1, sse4.2, popcnt, lzcnt, tsc, tscinvbit, avx, avx2, aes, erms, clmul, bmi1, bmi2, rtm, adx, fma, vzeroupper, clflush, clflushopt
Processor Information for all 6 processors :
  Max Mhz: 3000, Current Mhz: 3000, Mhz Limit: 3000

Memory: 4k page, system-wide physical 16222M (5264M free)
TotalPageFile size 65374M (AvailPageFile size 105M)
current process WorkingSet (physical memory assigned to process): 11M, peak: 11M
current process commit charge ("private bytes"): 56M, peak: 310M

vm_info: OpenJDK 64-Bit Server VM (17.0.13+11) for windows-amd64 JRE (17.0.13+11), built on Oct 16 2024 00:10:08 by "admin" with MS VC++ 17.7 (VS2022)

END.
